[debug] [2026-03-01T00:15:46.802Z] ----------------------------------------------------------------------
[debug] [2026-03-01T00:15:46.803Z] Command:       /Users/franciscofoyain/.nvm/versions/node/v18.20.7/bin/node /Users/franciscofoyain/.nvm/versions/node/v18.20.7/bin/firebase init storage
[debug] [2026-03-01T00:15:46.803Z] CLI Version:   13.35.1
[debug] [2026-03-01T00:15:46.803Z] Platform:      darwin
[debug] [2026-03-01T00:15:46.803Z] Node Version:  v18.20.7
[debug] [2026-03-01T00:15:46.806Z] Time:          Sat Feb 28 2026 19:15:46 GMT-0500 (Ecuador Time)
[debug] [2026-03-01T00:15:46.806Z] ----------------------------------------------------------------------
[debug] 
[debug] [2026-03-01T00:15:46.885Z] > command requires scopes: ["email","openid","https://www.googleapis.com/auth/cloudplatformprojects.readonly","https://www.googleapis.com/auth/firebase","https://www.googleapis.com/auth/cloud-platform"]
[debug] [2026-03-01T00:15:46.885Z] > authorizing via signed-in user (fjfoyain@gmail.com)
[info] 
     ######## #### ########  ######## ########     ###     ######  ########
     ##        ##  ##     ## ##       ##     ##  ##   ##  ##       ##
     ######    ##  ########  ######   ########  #########  ######  ######
     ##        ##  ##    ##  ##       ##     ## ##     ##       ## ##
     ##       #### ##     ## ######## ########  ##     ##  ######  ########

You're about to initialize a Firebase project in this directory:

  /Users/franciscofoyain/Documents/Projects/Timeless/TimelessappIO

Before we get started, keep in mind:

  * You are initializing within an existing Firebase project directory

[info] 
=== Project Setup
[info] 
[info] First, let's associate this project directory with a Firebase project.
[info] You can create multiple project aliases by running firebase use --add, 
[info] but for now we'll just set up a default project.
[info] 
[debug] [2026-03-01T00:15:46.887Z] Using project from CLI flag: timelessappio
[debug] [2026-03-01T00:15:46.887Z] Checked if tokens are valid: true, expires at: 1772326209908
[debug] [2026-03-01T00:15:46.887Z] Checked if tokens are valid: true, expires at: 1772326209908
[debug] [2026-03-01T00:15:46.887Z] >>> [apiv2][query] GET https://firebase.googleapis.com/v1beta1/projects/timelessappio [none]
[debug] [2026-03-01T00:15:47.356Z] <<< [apiv2][status] GET https://firebase.googleapis.com/v1beta1/projects/timelessappio 200
[debug] [2026-03-01T00:15:47.356Z] <<< [apiv2][body] GET https://firebase.googleapis.com/v1beta1/projects/timelessappio {"projectId":"timelessappio","projectNumber":"1020217730465","displayName":"TimelessAppIO","name":"projects/timelessappio","resources":{"hostingSite":"timelessappio"},"state":"ACTIVE","etag":"1_99306cac-3ae4-48ac-bdb2-12b8669732cf"}
[info] i  Using project timelessappio (TimelessAppIO) 
[info] 
=== Storage Setup
[info] 
[info] Firebase Storage Security Rules allow you to define how and when to allow
[info] uploads and downloads. You can keep these rules in your project directory
[info] and publish them with firebase deploy.
[info] 
